<?xml version="1.0" encoding="UTF-8"?>
<testsuite xmlns:xsi="http://www.w3.org/2001/XMLSchema-instance" xsi:noNamespaceSchemaLocation="https://maven.apache.org/surefire/maven-surefire-plugin/xsd/surefire-test-report.xsd" name="com.planittesting.AppTest" time="0.042" tests="1" errors="0" skipped="0" failures="0">
  <properties>
    <property name="java.specification.version" value="18"/>
    <property name="sun.cpu.isalist" value="amd64"/>
    <property name="sun.jnu.encoding" value="Cp1252"/>
    <property name="java.class.path" value="C:\Users\biank\OneDrive\Pulpit\Planit - internship\automation_tests_project\project\target\test-classes;C:\Users\biank\OneDrive\Pulpit\Planit - internship\automation_tests_project\project\target\classes;C:\Users\biank\.m2\repository\junit\junit\4.11\junit-4.11.jar;C:\Users\biank\.m2\repository\org\hamcrest\hamcrest-core\1.3\hamcrest-core-1.3.jar;"/>
    <property name="java.vm.vendor" value="Oracle Corporation"/>
    <property name="sun.arch.data.model" value="64"/>
    <property name="user.variant" value=""/>
    <property name="java.vendor.url" value="https://java.oracle.com/"/>
    <property name="user.timezone" value="Australia/Sydney"/>
    <property name="os.name" value="Windows 11"/>
    <property name="java.vm.specification.version" value="18"/>
    <property name="sun.java.launcher" value="SUN_STANDARD"/>
    <property name="user.country" value="AU"/>
    <property name="sun.boot.library.path" value="C:\Program Files\Java\jdk-18.0.1.1\bin"/>
    <property name="sun.java.command" value="C:\Users\biank\AppData\Local\Temp\surefire1895782496686611352\surefirebooter948741902908388026.jar C:\Users\biank\AppData\Local\Temp\surefire1895782496686611352 2022-05-26T22-33-45_738-jvmRun1 surefire5380840371801260439tmp surefire_016765619676791382681tmp"/>
    <property name="jdk.debug" value="release"/>
    <property name="surefire.test.class.path" value="C:\Users\biank\OneDrive\Pulpit\Planit - internship\automation_tests_project\project\target\test-classes;C:\Users\biank\OneDrive\Pulpit\Planit - internship\automation_tests_project\project\target\classes;C:\Users\biank\.m2\repository\junit\junit\4.11\junit-4.11.jar;C:\Users\biank\.m2\repository\org\hamcrest\hamcrest-core\1.3\hamcrest-core-1.3.jar;"/>
    <property name="sun.cpu.endian" value="little"/>
    <property name="user.home" value="C:\Users\biank"/>
    <property name="user.language" value="en"/>
    <property name="java.specification.vendor" value="Oracle Corporation"/>
    <property name="java.version.date" value="2022-04-22"/>
    <property name="java.home" value="C:\Program Files\Java\jdk-18.0.1.1"/>
    <property name="file.separator" value="\"/>
    <property name="basedir" value="C:\Users\biank\OneDrive\Pulpit\Planit - internship\automation_tests_project\project"/>
    <property name="java.vm.compressedOopsMode" value="Zero based"/>
    <property name="line.separator" value="&#10;"/>
    <property name="java.vm.specification.vendor" value="Oracle Corporation"/>
    <property name="java.specification.name" value="Java Platform API Specification"/>
    <property name="surefire.real.class.path" value="C:\Users\biank\AppData\Local\Temp\surefire1895782496686611352\surefirebooter948741902908388026.jar"/>
    <property name="user.script" value=""/>
    <property name="sun.management.compiler" value="HotSpot 64-Bit Tiered Compilers"/>
    <property name="java.runtime.version" value="18.0.1.1+2-6"/>
    <property name="user.name" value="biank"/>
    <property name="path.separator" value=";"/>
    <property name="os.version" value="10.0"/>
    <property name="java.runtime.name" value="Java(TM) SE Runtime Environment"/>
    <property name="file.encoding" value="UTF-8"/>
    <property name="java.vm.name" value="Java HotSpot(TM) 64-Bit Server VM"/>
    <property name="localRepository" value="C:\Users\biank\.m2\repository"/>
    <property name="java.vendor.url.bug" value="https://bugreport.java.com/bugreport/"/>
    <property name="java.io.tmpdir" value="C:\Users\biank\AppData\Local\Temp\"/>
    <property name="java.version" value="18.0.1.1"/>
    <property name="user.dir" value="C:\Users\biank\OneDrive\Pulpit\Planit - internship\automation_tests_project\project"/>
    <property name="os.arch" value="amd64"/>
    <property name="java.vm.specification.name" value="Java Virtual Machine Specification"/>
    <property name="sun.os.patch.level" value=""/>
    <property name="native.encoding" value="Cp1252"/>
    <property name="java.library.path" value="C:\Program Files\Java\jdk-18.0.1.1\bin;C:\WINDOWS\Sun\Java\bin;C:\WINDOWS\system32;C:\WINDOWS;C:\Python310\Scripts\;C:\Python310\;C:\Users\biank\AppData\Local\Programs\Python\Python38\Scripts\;C:\Users\biank\AppData\Local\Programs\Python\Python38\;C:\Users\biank\AppData\Local\Microsoft\WindowsApps;C:\Users\biank\AppData\Local\GitHubDesktop\bin;C:\Users\biank\AppData\Local\Microsoft\WindowsApps;C:\Users\biank\.dotnet\tools;C:\Program Files\heroku\bin;C:\Users\biank\.dotnet\tools;C:\Users\biank\AppData\Roaming\npm;C:\Users\biank\AppData\Local\Android\Sdk\platform-tools;C:\Users\biank\AppData\Local\Android\Sdk\emulator;C:\Users\biank\AppData\Local\Android\Sdk\cmdline-tools\latest\bin;C:\Users\biank\AppData\Local\Android\Sdk\tools\bin;C:\Gradle\gradle-7.3.3\bin;D:\Microsoft VS Code\bin;C:\Program Files\Java\jdk-18.0.1.1\bin;C:\Program Files\apache-maven-3.8.5-bin\apache-maven-3.8.5\bin;C:\WINDOWS\system32;C:\Users\biank\selenium\chromedriver_win32;D:\node\;C:\ProgramData\chocolatey\bin;C:\Program Files\MySQL\MySQL Shell 8.0\bin\;C:\Users\biank\AppData\Local\Programs\Python\Python38\Scripts\;C:\Users\biank\AppData\Local\Programs\Python\Python38\;C:\Users\biank\AppData\Local\Microsoft\WindowsApps;C:\Users\biank\AppData\Local\GitHubDesktop\bin;C:\Users\biank\AppData\Local\Microsoft\WindowsApps;C:\Users\biank\.dotnet\tools;C:\Program Files\heroku\bin;C:\Users\biank\.dotnet\tools;C:\Users\biank\AppData\Local\Android\Sdk\platform-tools;C:\Users\biank\AppData\Local\Android\Sdk\emulator;C:\Users\biank\AppData\Local\Android\Sdk\cmdline-tools\latest\bin;C:\Users\biank\AppData\Local\Android\Sdk\tools\bin;C:\Gradle\gradle-7.3.3\bin;D:\Microsoft VS Code\bin;C:\Program Files\Java\jdk-18.0.1.1\bin;C:\Program Files\apache-maven-3.8.5-bin\apache-maven-3.8.5\bin;C:\Users\biank\AppData\Roaming\npm;."/>
    <property name="java.vm.info" value="mixed mode, sharing"/>
    <property name="java.vendor" value="Oracle Corporation"/>
    <property name="java.vm.version" value="18.0.1.1+2-6"/>
    <property name="sun.io.unicode.encoding" value="UnicodeLittle"/>
    <property name="java.class.version" value="62.0"/>
  </properties>
  <testcase name="shouldAnswerWithTrue" classname="com.planittesting.AppTest" time="0.004"/>
</testsuite>